<?xml version="1.0" encoding="UTF-8" standalone="no"?><object type="Widget"><property encoding="W3C" name="Label" value="Test%201"/><property encoding="W3C" name="Description" value="Test%20Widget%201"/><property name="GadgtList"><item type="Gadgt"><property encoding="W3C" name="Label" value="Gad1%2E1"/><property encoding="W3C" name="Description" value="Gadget%20%231%2E1"/><property name="Weight" value="11"/><property name="Height" value="101"/></item><item type="Gadgt"><property encoding="W3C" name="Label" value="Gad1%2E2"/><property encoding="W3C" name="Description" value="Gadget%20%231%2E2"/><property name="Weight" value="12"/><property name="Height" value="102"/></item><item type="Gadgt"><property encoding="W3C" name="Label" value="Gad1%2E3"/><property encoding="W3C" name="Description" value="Gadget%20%231%2E3"/><property name="Weight" value="13"/><property name="Height" value="103"/></item><item type="Gadgt"><property encoding="W3C" name="Label" value="Gad1%2E4"/><property encoding="W3C" name="Description" value="Gadget%20%231%2E4"/><property name="Weight" value="14"/><property name="Height" value="104"/></item></property></object>