<?xml version="1.0" encoding="UTF-8" standalone="no"?><object type="Widget"><property encoding="W3C" name="Label" value="Test%202"/><property encoding="W3C" name="Description" value="Test%20Widget%202"/><property name="GadgtList"><item type="Gadgt"><property encoding="W3C" name="Label" value="Gad2%2E1"/><property encoding="W3C" name="Description" value="Gadget%20%232%2E1"/><property name="Weight" value="21"/><property name="Height" value="201"/></item><item type="Gadgt"><property encoding="W3C" name="Label" value="Gad2%2E2"/><property encoding="W3C" name="Description" value="Gadget%20%232%2E2"/><property name="Weight" value="22"/><property name="Height" value="202"/></item><item type="Gadgt"><property encoding="W3C" name="Label" value="Gad2%2E3"/><property encoding="W3C" name="Description" value="Gadget%20%232%2E3"/><property name="Weight" value="23"/><property name="Height" value="203"/></item><item type="Gadgt"><property encoding="W3C" name="Label" value="Gad2%2E4"/><property encoding="W3C" name="Description" value="Gadget%20%232%2E4"/><property name="Weight" value="24"/><property name="Height" value="204"/></item></property></object>