<?xml version="1.0" encoding="UTF-8" standalone="no"?><object type="Widget"><property encoding="W3C" name="Label" value="Test%203"/><property encoding="W3C" name="Description" value="Test%20Widget%203"/><property name="GadgtList"><item type="Gadgt"><property encoding="W3C" name="Label" value="Gad3%2E1"/><property encoding="W3C" name="Description" value="Gadget%20%232%2E1"/><property name="Weight" value="31"/><property name="Height" value="301"/></item><item type="Gadgt"><property encoding="W3C" name="Label" value="Gad3%2E2"/><property encoding="W3C" name="Description" value="Gadget%20%232%2E2"/><property name="Weight" value="32"/><property name="Height" value="302"/></item><item type="Gadgt"><property encoding="W3C" name="Label" value="Gad3%2E3"/><property encoding="W3C" name="Description" value="Gadget%20%232%2E3"/><property name="Weight" value="33"/><property name="Height" value="303"/></item><item type="Gadgt"><property encoding="W3C" name="Label" value="Gad3%2E4"/><property encoding="W3C" name="Description" value="Gadget%20%232%2E4"/><property name="Weight" value="34"/><property name="Height" value="304"/></item></property></object>