<?xml version="1.0" encoding="UTF-8" standalone="no"?><object type="GadgtList"><item type="Widget"><property encoding="W3C" name="Label" value="Test+1"/><property encoding="W3C" name="Description" value="Test+Widget+1"/><property name="GadgtList"><item type="Gadgt"><property encoding="W3C" name="Label" value="Gad1.1"/><property encoding="W3C" name="Description" value="Gadget+%231.1"/><property name="Weight" value="11"/><property name="Height" value="101"/></item><item type="Gadgt"><property encoding="W3C" name="Label" value="Gad1.2"/><property encoding="W3C" name="Description" value="Gadget+%231.2"/><property name="Weight" value="12"/><property name="Height" value="102"/></item><item type="Gadgt"><property encoding="W3C" name="Label" value="Gad1.3"/><property encoding="W3C" name="Description" value="Gadget+%231.3"/><property name="Weight" value="13"/><property name="Height" value="103"/></item><item type="Gadgt"><property encoding="W3C" name="Label" value="Gad1.4"/><property encoding="W3C" name="Description" value="Gadget+%231.4"/><property name="Weight" value="14"/><property name="Height" value="104"/></item></property></item><item type="Widget"><property encoding="W3C" name="Label" value="Test+2"/><property encoding="W3C" name="Description" value="Test+Widget+2"/><property name="GadgtList"><item type="Gadgt"><property encoding="W3C" name="Label" value="Gad2.1"/><property encoding="W3C" name="Description" value="Gadget+%232.1"/><property name="Weight" value="21"/><property name="Height" value="201"/></item><item type="Gadgt"><property encoding="W3C" name="Label" value="Gad2.2"/><property encoding="W3C" name="Description" value="Gadget+%232.2"/><property name="Weight" value="22"/><property name="Height" value="202"/></item><item type="Gadgt"><property encoding="W3C" name="Label" value="Gad2.3"/><property encoding="W3C" name="Description" value="Gadget+%232.3"/><property name="Weight" value="23"/><property name="Height" value="203"/></item><item type="Gadgt"><property encoding="W3C" name="Label" value="Gad2.4"/><property encoding="W3C" name="Description" value="Gadget+%232.4"/><property name="Weight" value="24"/><property name="Height" value="204"/></item></property></item><item type="Widget"><property encoding="W3C" name="Label" value="Test+3"/><property encoding="W3C" name="Description" value="Test+Widget+3"/><property name="GadgtList"><item type="Gadgt"><property encoding="W3C" name="Label" value="Gad3.1"/><property encoding="W3C" name="Description" value="Gadget+%232.1"/><property name="Weight" value="31"/><property name="Height" value="301"/></item><item type="Gadgt"><property encoding="W3C" name="Label" value="Gad3.2"/><property encoding="W3C" name="Description" value="Gadget+%232.2"/><property name="Weight" value="32"/><property name="Height" value="302"/></item><item type="Gadgt"><property encoding="W3C" name="Label" value="Gad3.3"/><property encoding="W3C" name="Description" value="Gadget+%232.3"/><property name="Weight" value="33"/><property name="Height" value="303"/></item><item type="Gadgt"><property encoding="W3C" name="Label" value="Gad3.4"/><property encoding="W3C" name="Description" value="Gadget+%232.4"/><property name="Weight" value="34"/><property name="Height" value="304"/></item></property></item></object>