<?xml version="1.0" encoding="UTF-8" standalone="no"?><object type="WidgetList"><item type="Widget"><property encoding="W3C" name="Label" value="Test%201"/><property encoding="W3C" name="Description" value="Test%20Widget%201"/><property name="GadgtList"><item type="Gadgt"><property encoding="W3C" name="Label" value="Gad1%2E1"/><property encoding="W3C" name="Description" value="Gadget%20%231%2E1"/><property name="Weight" value="11"/><property name="Height" value="101"/></item><item type="Gadgt"><property encoding="W3C" name="Label" value="Gad1%2E2"/><property encoding="W3C" name="Description" value="Gadget%20%231%2E2"/><property name="Weight" value="12"/><property name="Height" value="102"/></item><item type="Gadgt"><property encoding="W3C" name="Label" value="Gad1%2E3"/><property encoding="W3C" name="Description" value="Gadget%20%231%2E3"/><property name="Weight" value="13"/><property name="Height" value="103"/></item><item type="Gadgt"><property encoding="W3C" name="Label" value="Gad1%2E4"/><property encoding="W3C" name="Description" value="Gadget%20%231%2E4"/><property name="Weight" value="14"/><property name="Height" value="104"/></item></property></item><item type="Widget"><property encoding="W3C" name="Label" value="Test%202"/><property encoding="W3C" name="Description" value="Test%20Widget%202"/><property name="GadgtList"><item type="Gadgt"><property encoding="W3C" name="Label" value="Gad2%2E1"/><property encoding="W3C" name="Description" value="Gadget%20%232%2E1"/><property name="Weight" value="21"/><property name="Height" value="201"/></item><item type="Gadgt"><property encoding="W3C" name="Label" value="Gad2%2E2"/><property encoding="W3C" name="Description" value="Gadget%20%232%2E2"/><property name="Weight" value="22"/><property name="Height" value="202"/></item><item type="Gadgt"><property encoding="W3C" name="Label" value="Gad2%2E3"/><property encoding="W3C" name="Description" value="Gadget%20%232%2E3"/><property name="Weight" value="23"/><property name="Height" value="203"/></item><item type="Gadgt"><property encoding="W3C" name="Label" value="Gad2%2E4"/><property encoding="W3C" name="Description" value="Gadget%20%232%2E4"/><property name="Weight" value="24"/><property name="Height" value="204"/></item></property></item><item type="Widget"><property encoding="W3C" name="Label" value="Test%203"/><property encoding="W3C" name="Description" value="Test%20Widget%203"/><property name="GadgtList"><item type="Gadgt"><property encoding="W3C" name="Label" value="Gad3%2E1"/><property encoding="W3C" name="Description" value="Gadget%20%232%2E1"/><property name="Weight" value="31"/><property name="Height" value="301"/></item><item type="Gadgt"><property encoding="W3C" name="Label" value="Gad3%2E2"/><property encoding="W3C" name="Description" value="Gadget%20%232%2E2"/><property name="Weight" value="32"/><property name="Height" value="302"/></item><item type="Gadgt"><property encoding="W3C" name="Label" value="Gad3%2E3"/><property encoding="W3C" name="Description" value="Gadget%20%232%2E3"/><property name="Weight" value="33"/><property name="Height" value="303"/></item><item type="Gadgt"><property encoding="W3C" name="Label" value="Gad3%2E4"/><property encoding="W3C" name="Description" value="Gadget%20%232%2E4"/><property name="Weight" value="34"/><property name="Height" value="304"/></item></property></item></object>