<object type="System.Collections.Generic.List`1[[BasicSerialization.Widget, BasicSerialization, Version=1.0.0.0, Culture=neutral, PublicKeyToken=null]], mscorlib, Version=4.0.0.0, Culture=neutral, PublicKeyToken=b77a5c561934e089">
  <item>
    <property name="Label" encoding="W3C" value="Test%201" />
    <property name="Description" encoding="W3C" value="Test%20Widget%201" />
    <property name="GadgetList">
      <item>
        <property name="Label" encoding="W3C" value="Gad1%2E1" />
        <property name="Description" encoding="W3C" value="Gadgt%20%231%2E1" />
        <property name="Weight" value="11" />
        <property name="Height" value="101" />
      </item>
      <item>
        <property name="Label" encoding="W3C" value="Gad1%2E2" />
        <property name="Description" encoding="W3C" value="Gadgt%20%231%2E2" />
        <property name="Weight" value="12" />
        <property name="Height" value="102" />
      </item>
      <item>
        <property name="Label" encoding="W3C" value="Gad1%2E3" />
        <property name="Description" encoding="W3C" value="Gadgt%20%231%2E3" />
        <property name="Weight" value="13" />
        <property name="Height" value="103" />
      </item>
      <item>
        <property name="Label" encoding="W3C" value="Gad1%2E4" />
        <property name="Description" encoding="W3C" value="Gadgt%20%231%2E4" />
        <property name="Weight" value="14" />
        <property name="Height" value="104" />
      </item>
    </property>
  </item>
  <item>
    <property name="Label" encoding="W3C" value="Test%202" />
    <property name="Description" encoding="W3C" value="Test%20Widget%202" />
    <property name="GadgetList">
      <item>
        <property name="Label" encoding="W3C" value="Gad2%2E1" />
        <property name="Description" encoding="W3C" value="Gadgt%20%232%2E1" />
        <property name="Weight" value="21" />
        <property name="Height" value="201" />
      </item>
      <item>
        <property name="Label" encoding="W3C" value="Gad2%2E2" />
        <property name="Description" encoding="W3C" value="Gadgt%20%232%2E2" />
        <property name="Weight" value="22" />
        <property name="Height" value="202" />
      </item>
      <item>
        <property name="Label" encoding="W3C" value="Gad2%2E3" />
        <property name="Description" encoding="W3C" value="Gadgt%20%232%2E3" />
        <property name="Weight" value="23" />
        <property name="Height" value="203" />
      </item>
      <item>
        <property name="Label" encoding="W3C" value="Gad2%2E4" />
        <property name="Description" encoding="W3C" value="Gadgt%20%232%2E4" />
        <property name="Weight" value="24" />
        <property name="Height" value="204" />
      </item>
    </property>
  </item>
  <item>
    <property name="Label" encoding="W3C" value="Test%203" />
    <property name="Description" encoding="W3C" value="Test%20Widget%203" />
    <property name="GadgetList">
      <item>
        <property name="Label" encoding="W3C" value="Gad3%2E1" />
        <property name="Description" encoding="W3C" value="Gadgt%20%232%2E1" />
        <property name="Weight" value="31" />
        <property name="Height" value="301" />
      </item>
      <item>
        <property name="Label" encoding="W3C" value="Gad3%2E2" />
        <property name="Description" encoding="W3C" value="Gadgt%20%232%2E2" />
        <property name="Weight" value="32" />
        <property name="Height" value="302" />
      </item>
      <item>
        <property name="Label" encoding="W3C" value="Gad3%2E3" />
        <property name="Description" encoding="W3C" value="Gadgt%20%232%2E3" />
        <property name="Weight" value="33" />
        <property name="Height" value="303" />
      </item>
      <item>
        <property name="Label" encoding="W3C" value="Gad3%2E4" />
        <property name="Description" encoding="W3C" value="Gadgt%20%232%2E4" />
        <property name="Weight" value="34" />
        <property name="Height" value="304" />
      </item>
    </property>
  </item>
</object>